<?xml version="1.0" encoding="UTF-8"?>
<!-- Generated by org.testng.reporters.JUnitXMLReporter -->
<testsuite ignored="0" hostname="Karuna" failures="0" tests="6" name="Default test" time="4.702" errors="0" timestamp="2024-09-09T17:07:39 EDT">
  <testcase classname="Tests.WeatherAPITest" name="retrieveWeather" time="2.817"/>
  <testcase classname="Tests.WeatherAPITest" name="retrieveWeather" time="0.22"/>
  <testcase classname="Tests.WeatherAPITest" name="retrieveWeather" time="0.193"/>
  <testcase classname="Tests.WeatherAPITest" name="retrieveWeather" time="0.189"/>
  <testcase classname="Tests.WeatherAPITest" name="retrieveWeather" time="0.226"/>
  <testcase classname="Tests.WeatherAPITest" name="retrieveWeather" time="0.177"/>
</testsuite> <!-- Default test -->
