<?xml version="1.0" encoding="UTF-8"?>
<!-- Generated by org.testng.reporters.JUnitXMLReporter -->
<testsuite ignored="0" hostname="Karuna" failures="0" tests="3" name="Default test" time="7.474" errors="0" timestamp="2024-09-13T11:42:17 EDT">
  <testcase classname="Tests.BookStoreAPI.UserTest" name="addUserTest" time="4.935"/>
  <testcase classname="Tests.BookStoreAPI.UserTest" name="generateTokenTest" time="0.88"/>
  <testcase classname="Tests.BookStoreAPI.UserTest" name="getUserTest" time="0.545"/>
</testsuite> <!-- Default test -->
