<?xml version="1.0" encoding="UTF-8"?>
<testng-results ignored="0" total="3" passed="3" failed="0" skipped="0">
  <reporter-output>
  </reporter-output>
  <suite started-at="2024-09-13T11:42:10 EDT" name="Default suite" finished-at="2024-09-13T11:42:17 EDT" duration-ms="7474">
    <groups>
    </groups>
    <test started-at="2024-09-13T11:42:10 EDT" name="Default test" finished-at="2024-09-13T11:42:17 EDT" duration-ms="7474">
      <class name="Tests.BookStoreAPI.UserTest">
        <test-method is-config="true" signature="setup()[pri:0, instance:Tests.BookStoreAPI.UserTest@3646a422]" started-at="2024-09-13T11:42:10 EDT" name="setup" finished-at="2024-09-13T11:42:11 EDT" duration-ms="1015" status="PASS">
          <reporter-output>
          </reporter-output>
        </test-method> <!-- setup -->
        <test-method signature="addUserTest()[pri:0, instance:Tests.BookStoreAPI.UserTest@3646a422]" started-at="2024-09-13T11:42:11 EDT" name="addUserTest" finished-at="2024-09-13T11:42:16 EDT" duration-ms="4935" status="PASS">
          <reporter-output>
          </reporter-output>
        </test-method> <!-- addUserTest -->
        <test-method signature="generateTokenTest()[pri:1, instance:Tests.BookStoreAPI.UserTest@3646a422]" started-at="2024-09-13T11:42:16 EDT" name="generateTokenTest" finished-at="2024-09-13T11:42:17 EDT" duration-ms="880" status="PASS">
          <reporter-output>
          </reporter-output>
        </test-method> <!-- generateTokenTest -->
        <test-method signature="getUserTest()[pri:2, instance:Tests.BookStoreAPI.UserTest@3646a422]" started-at="2024-09-13T11:42:17 EDT" name="getUserTest" finished-at="2024-09-13T11:42:17 EDT" duration-ms="545" status="PASS">
          <reporter-output>
          </reporter-output>
        </test-method> <!-- getUserTest -->
      </class> <!-- Tests.BookStoreAPI.UserTest -->
    </test> <!-- Default test -->
  </suite> <!-- Default suite -->
</testng-results>
